[1.050s] Invoking command in '/home/liuutin9/Desktop/robotics-final/youting_src/yt_ws/src/final_package': DEBUGINFOD_URLS=https://debuginfod.ubuntu.com PYTHONPATH=/home/liuutin9/Desktop/robotics-final/youting_src/yt_ws/build/final_package/prefix_override:/usr/lib/python3/dist-packages/colcon_core/task/python/colcon_distutils_commands:/home/liuutin9/Desktop/robotics-final/youting_src/yt_ws/install/final_package/lib/python3.12/site-packages:${PYTHONPATH} /usr/bin/python3 -W ignore:setup.py install is deprecated -W ignore:easy_install command is deprecated setup.py egg_info --egg-base ../../build/final_package build --build-base /home/liuutin9/Desktop/robotics-final/youting_src/yt_ws/build/final_package/build install --record /home/liuutin9/Desktop/robotics-final/youting_src/yt_ws/build/final_package/install.log --single-version-externally-managed install_data
[1.456s] running egg_info
[1.456s] creating ../../build/final_package/final_package.egg-info
[1.482s] writing ../../build/final_package/final_package.egg-info/PKG-INFO
[1.482s] writing dependency_links to ../../build/final_package/final_package.egg-info/dependency_links.txt
[1.482s] writing entry points to ../../build/final_package/final_package.egg-info/entry_points.txt
[1.482s] writing requirements to ../../build/final_package/final_package.egg-info/requires.txt
[1.482s] writing top-level names to ../../build/final_package/final_package.egg-info/top_level.txt
[1.482s] writing manifest file '../../build/final_package/final_package.egg-info/SOURCES.txt'
[1.527s] reading manifest file '../../build/final_package/final_package.egg-info/SOURCES.txt'
[1.527s] adding license file 'LICENSE'
[1.528s] writing manifest file '../../build/final_package/final_package.egg-info/SOURCES.txt'
[1.529s] running build
[1.529s] running build_py
[1.529s] creating /home/liuutin9/Desktop/robotics-final/youting_src/yt_ws/build/final_package/build
[1.530s] creating /home/liuutin9/Desktop/robotics-final/youting_src/yt_ws/build/final_package/build/lib
[1.530s] creating /home/liuutin9/Desktop/robotics-final/youting_src/yt_ws/build/final_package/build/lib/final_package
[1.530s] copying final_package/emergency_brake.py -> /home/liuutin9/Desktop/robotics-final/youting_src/yt_ws/build/final_package/build/lib/final_package
[1.530s] copying final_package/__init__.py -> /home/liuutin9/Desktop/robotics-final/youting_src/yt_ws/build/final_package/build/lib/final_package
[1.530s] running install
[1.537s] running install_lib
[1.561s] creating /home/liuutin9/Desktop/robotics-final/youting_src/yt_ws/install/final_package/lib/python3.12/site-packages/final_package
[1.561s] copying /home/liuutin9/Desktop/robotics-final/youting_src/yt_ws/build/final_package/build/lib/final_package/emergency_brake.py -> /home/liuutin9/Desktop/robotics-final/youting_src/yt_ws/install/final_package/lib/python3.12/site-packages/final_package
[1.561s] copying /home/liuutin9/Desktop/robotics-final/youting_src/yt_ws/build/final_package/build/lib/final_package/__init__.py -> /home/liuutin9/Desktop/robotics-final/youting_src/yt_ws/install/final_package/lib/python3.12/site-packages/final_package
[1.561s] byte-compiling /home/liuutin9/Desktop/robotics-final/youting_src/yt_ws/install/final_package/lib/python3.12/site-packages/final_package/emergency_brake.py to emergency_brake.cpython-312.pyc
[1.562s] byte-compiling /home/liuutin9/Desktop/robotics-final/youting_src/yt_ws/install/final_package/lib/python3.12/site-packages/final_package/__init__.py to __init__.cpython-312.pyc
[1.563s] running install_data
[1.563s] creating /home/liuutin9/Desktop/robotics-final/youting_src/yt_ws/install/final_package/share/ament_index
[1.563s] creating /home/liuutin9/Desktop/robotics-final/youting_src/yt_ws/install/final_package/share/ament_index/resource_index
[1.563s] creating /home/liuutin9/Desktop/robotics-final/youting_src/yt_ws/install/final_package/share/ament_index/resource_index/packages
[1.564s] copying resource/final_package -> /home/liuutin9/Desktop/robotics-final/youting_src/yt_ws/install/final_package/share/ament_index/resource_index/packages
[1.564s] copying package.xml -> /home/liuutin9/Desktop/robotics-final/youting_src/yt_ws/install/final_package/share/final_package
[1.564s] creating /home/liuutin9/Desktop/robotics-final/youting_src/yt_ws/install/final_package/share/final_package/launch
[1.564s] copying launch/final.launch.py -> /home/liuutin9/Desktop/robotics-final/youting_src/yt_ws/install/final_package/share/final_package/launch
[1.564s] running install_egg_info
[1.587s] Copying ../../build/final_package/final_package.egg-info to /home/liuutin9/Desktop/robotics-final/youting_src/yt_ws/install/final_package/lib/python3.12/site-packages/final_package-0.0.0-py3.12.egg-info
[1.588s] running install_scripts
[1.820s] Installing emergency_brake_node script to /home/liuutin9/Desktop/robotics-final/youting_src/yt_ws/install/final_package/lib/final_package
[1.820s] writing list of installed files to '/home/liuutin9/Desktop/robotics-final/youting_src/yt_ws/build/final_package/install.log'
[1.853s] Invoked command in '/home/liuutin9/Desktop/robotics-final/youting_src/yt_ws/src/final_package' returned '0': DEBUGINFOD_URLS=https://debuginfod.ubuntu.com PYTHONPATH=/home/liuutin9/Desktop/robotics-final/youting_src/yt_ws/build/final_package/prefix_override:/usr/lib/python3/dist-packages/colcon_core/task/python/colcon_distutils_commands:/home/liuutin9/Desktop/robotics-final/youting_src/yt_ws/install/final_package/lib/python3.12/site-packages:${PYTHONPATH} /usr/bin/python3 -W ignore:setup.py install is deprecated -W ignore:easy_install command is deprecated setup.py egg_info --egg-base ../../build/final_package build --build-base /home/liuutin9/Desktop/robotics-final/youting_src/yt_ws/build/final_package/build install --record /home/liuutin9/Desktop/robotics-final/youting_src/yt_ws/build/final_package/install.log --single-version-externally-managed install_data
