running egg_info
creating ../../build/final_package/final_package.egg-info
writing ../../build/final_package/final_package.egg-info/PKG-INFO
writing dependency_links to ../../build/final_package/final_package.egg-info/dependency_links.txt
writing entry points to ../../build/final_package/final_package.egg-info/entry_points.txt
writing requirements to ../../build/final_package/final_package.egg-info/requires.txt
writing top-level names to ../../build/final_package/final_package.egg-info/top_level.txt
writing manifest file '../../build/final_package/final_package.egg-info/SOURCES.txt'
reading manifest file '../../build/final_package/final_package.egg-info/SOURCES.txt'
adding license file 'LICENSE'
writing manifest file '../../build/final_package/final_package.egg-info/SOURCES.txt'
running build
running build_py
creating /home/liuutin9/Desktop/robotics-final/youting_src/yt_ws/build/final_package/build
creating /home/liuutin9/Desktop/robotics-final/youting_src/yt_ws/build/final_package/build/lib
creating /home/liuutin9/Desktop/robotics-final/youting_src/yt_ws/build/final_package/build/lib/final_package
copying final_package/move_control.py -> /home/liuutin9/Desktop/robotics-final/youting_src/yt_ws/build/final_package/build/lib/final_package
copying final_package/emergency_brake.py -> /home/liuutin9/Desktop/robotics-final/youting_src/yt_ws/build/final_package/build/lib/final_package
copying final_package/__init__.py -> /home/liuutin9/Desktop/robotics-final/youting_src/yt_ws/build/final_package/build/lib/final_package
running install
running install_lib
creating /home/liuutin9/Desktop/robotics-final/youting_src/yt_ws/install/final_package/lib/python3.12/site-packages/final_package
copying /home/liuutin9/Desktop/robotics-final/youting_src/yt_ws/build/final_package/build/lib/final_package/move_control.py -> /home/liuutin9/Desktop/robotics-final/youting_src/yt_ws/install/final_package/lib/python3.12/site-packages/final_package
copying /home/liuutin9/Desktop/robotics-final/youting_src/yt_ws/build/final_package/build/lib/final_package/emergency_brake.py -> /home/liuutin9/Desktop/robotics-final/youting_src/yt_ws/install/final_package/lib/python3.12/site-packages/final_package
copying /home/liuutin9/Desktop/robotics-final/youting_src/yt_ws/build/final_package/build/lib/final_package/__init__.py -> /home/liuutin9/Desktop/robotics-final/youting_src/yt_ws/install/final_package/lib/python3.12/site-packages/final_package
byte-compiling /home/liuutin9/Desktop/robotics-final/youting_src/yt_ws/install/final_package/lib/python3.12/site-packages/final_package/move_control.py to move_control.cpython-312.pyc
byte-compiling /home/liuutin9/Desktop/robotics-final/youting_src/yt_ws/install/final_package/lib/python3.12/site-packages/final_package/emergency_brake.py to emergency_brake.cpython-312.pyc
byte-compiling /home/liuutin9/Desktop/robotics-final/youting_src/yt_ws/install/final_package/lib/python3.12/site-packages/final_package/__init__.py to __init__.cpython-312.pyc
running install_data
creating /home/liuutin9/Desktop/robotics-final/youting_src/yt_ws/install/final_package/share/ament_index
creating /home/liuutin9/Desktop/robotics-final/youting_src/yt_ws/install/final_package/share/ament_index/resource_index
creating /home/liuutin9/Desktop/robotics-final/youting_src/yt_ws/install/final_package/share/ament_index/resource_index/packages
copying resource/final_package -> /home/liuutin9/Desktop/robotics-final/youting_src/yt_ws/install/final_package/share/ament_index/resource_index/packages
copying package.xml -> /home/liuutin9/Desktop/robotics-final/youting_src/yt_ws/install/final_package/share/final_package
creating /home/liuutin9/Desktop/robotics-final/youting_src/yt_ws/install/final_package/share/final_package/launch
copying launch/final.launch.py -> /home/liuutin9/Desktop/robotics-final/youting_src/yt_ws/install/final_package/share/final_package/launch
running install_egg_info
Copying ../../build/final_package/final_package.egg-info to /home/liuutin9/Desktop/robotics-final/youting_src/yt_ws/install/final_package/lib/python3.12/site-packages/final_package-0.0.0-py3.12.egg-info
running install_scripts
Installing emergency_brake_node script to /home/liuutin9/Desktop/robotics-final/youting_src/yt_ws/install/final_package/lib/final_package
Installing move_control_node script to /home/liuutin9/Desktop/robotics-final/youting_src/yt_ws/install/final_package/lib/final_package
writing list of installed files to '/home/liuutin9/Desktop/robotics-final/youting_src/yt_ws/build/final_package/install.log'
